2022-05-06T17:16:48.596Z [INFO   ]: Server running on PORT 8000
2022-05-06T17:18:45.510Z [INFO   ]: Server running on PORT 8000
2022-05-06T17:19:11.147Z [INFO   ]: [object Object]
2022-05-06T17:19:52.311Z [INFO   ]: Server running on PORT 8000
2022-05-06T17:19:55.338Z [INFO   ]: [object Object]
2022-05-06T17:20:18.494Z [INFO   ]: Server running on PORT 8000
2022-05-06T17:20:21.541Z [INFO   ]: undefined
2022-05-06T17:20:42.271Z [INFO   ]: Server running on PORT 8000
2022-05-06T17:20:45.097Z [INFO   ]: Lao Brewery Co.,Ltd.
2022-05-06T17:21:26.461Z [INFO   ]: Server running on PORT 8000
2022-05-06T17:21:30.569Z [INFO   ]: Lao Brewery Co.,Ltd.
2022-05-06T17:22:57.504Z [INFO   ]: Server running on PORT 8000
2022-05-06T17:23:01.885Z [INFO   ]: 1
2022-05-06T17:23:01.885Z [INFO   ]: Lao Brewery Co.,Ltd.
2022-05-06T17:23:01.885Z [INFO   ]: +856-21-812001
2022-05-06T17:23:01.885Z [INFO   ]: https://www.beerlao.la
2022-05-06T17:23:01.886Z [INFO   ]: Thadeua
2022-05-06T17:23:01.886Z [INFO   ]: Hatsayfong District
2022-05-06T17:23:01.886Z [INFO   ]: Vientiane LAO P.D.R. P.O.BOX 1016
2022-05-06T17:23:01.886Z [INFO   ]: Km.12 Thadeua Road
2022-05-06T17:23:01.886Z [INFO   ]: icon beer lao
2022-05-06T17:23:01.886Z [INFO   ]: 7
2022-05-06T17:23:01.886Z [INFO   ]: Node JS
2022-05-06T17:23:49.871Z [INFO   ]: Server running on PORT 8000
2022-05-06T17:23:52.435Z [INFO   ]: sup_id: 
2022-05-06T17:23:52.435Z [INFO   ]: Lao Brewery Co.,Ltd.
2022-05-06T17:23:52.436Z [INFO   ]: +856-21-812001
2022-05-06T17:23:52.436Z [INFO   ]: https://www.beerlao.la
2022-05-06T17:23:52.436Z [INFO   ]: Thadeua
2022-05-06T17:23:52.436Z [INFO   ]: Hatsayfong District
2022-05-06T17:23:52.436Z [INFO   ]: Vientiane LAO P.D.R. P.O.BOX 1016
2022-05-06T17:23:52.436Z [INFO   ]: Km.12 Thadeua Road
2022-05-06T17:23:52.436Z [INFO   ]: icon beer lao
2022-05-06T17:23:52.437Z [INFO   ]: 7
2022-05-06T17:23:52.437Z [INFO   ]: Node JS
2022-05-06T17:24:08.473Z [INFO   ]: Server running on PORT 8000
2022-05-06T17:32:07.571Z [INFO   ]: Server running on PORT 8000
2022-05-06T17:32:11.030Z [INFO   ]: 1
2022-05-06T17:32:11.030Z [INFO   ]: Lao Brewery Co.,Ltd.
2022-05-06T17:32:11.031Z [INFO   ]: +856-21-812001
2022-05-06T17:32:11.031Z [INFO   ]: https://www.beerlao.la
2022-05-06T17:32:11.031Z [INFO   ]: Thadeua
2022-05-06T17:32:11.031Z [INFO   ]: Hatsayfong District
2022-05-06T17:32:11.031Z [INFO   ]: Vientiane LAO P.D.R. P.O.BOX 1016
2022-05-06T17:32:11.031Z [INFO   ]: Km.12 Thadeua Road
2022-05-06T17:32:11.031Z [INFO   ]: icon beer lao
2022-05-06T17:32:11.031Z [INFO   ]: 7
2022-05-06T17:32:11.032Z [INFO   ]: Node JS
2022-05-06T17:32:11.032Z [INFO   ]: -----------------------
2022-05-26T10:30:36.894Z [INFO   ]: Server running on PORT 8000
2022-05-31T08:36:27.843Z [INFO   ]: Server running on PORT 8000
2022-06-01T14:21:07.006Z [INFO   ]: Server running on PORT 8000
2022-06-04T16:06:57.502Z [INFO   ]: Server running on PORT 8000
2022-06-18T04:32:04.728Z [INFO   ]: Server running on PORT 8000
2022-06-18T04:34:38.556Z [INFO   ]: Server running on PORT 8000
2022-06-18T04:38:39.783Z [INFO   ]: Server running on PORT 8000
2022-06-21T15:19:21.235Z [INFO   ]: Server running on PORT 8000
2022-07-01T15:45:38.490Z [INFO   ]: Server running on PORT 8000
2022-07-04T04:22:30.042Z [INFO   ]: Server running on PORT 8000
2022-07-04T13:29:00.894Z [INFO   ]: Server running on PORT 8000
2022-07-05T07:22:02.911Z [INFO   ]: Server running on PORT 8000
2022-07-06T01:29:41.710Z [INFO   ]: Server running on PORT 8000
2022-07-12T11:30:07.931Z [INFO   ]: Server running on PORT 8000
2022-07-13T15:10:44.616Z [INFO   ]: Server running on PORT 8000
2022-07-15T14:56:25.084Z [INFO   ]: Server running on PORT 8000
2022-07-20T15:58:42.923Z [INFO   ]: Server running on PORT 8000
2022-07-20T15:59:12.205Z [INFO   ]: Server running on PORT 8000
2022-07-23T02:39:12.167Z [INFO   ]: Server running on PORT 8000
2022-07-26T04:44:25.166Z [INFO   ]: Server running on PORT 8000
2022-07-26T04:48:49.633Z [INFO   ]: Server running on PORT 8000
2022-07-26T04:49:50.676Z [INFO   ]: Server running on PORT 8000
2022-07-26T04:49:59.855Z [INFO   ]: Server running on PORT 8000
2022-07-26T05:02:09.300Z [INFO   ]: Server running on PORT 8000
2022-07-26T05:02:10.322Z [INFO   ]: Server running on PORT 8000
2022-07-26T05:04:51.741Z [INFO   ]: Server running on PORT 8000
2022-07-26T05:05:05.805Z [INFO   ]: Server running on PORT 8000
2022-07-26T05:29:26.570Z [INFO   ]: Server running on PORT 8000
2022-07-26T05:33:15.282Z [INFO   ]: Server running on PORT 8000
2022-07-26T05:33:46.435Z [INFO   ]: Server running on PORT 8000
2022-07-26T05:34:08.131Z [INFO   ]: Server running on PORT 8000
2022-07-26T05:41:14.141Z [INFO   ]: Server running on PORT 8000
2022-07-26T05:41:28.559Z [INFO   ]: Server running on PORT 8000
2022-07-26T05:43:35.801Z [INFO   ]: Server running on PORT 8000
2022-07-26T05:45:11.451Z [INFO   ]: Server running on PORT 8000
2022-07-26T05:45:46.101Z [INFO   ]: Server running on PORT 8000
2022-07-26T05:47:03.963Z [INFO   ]: Server running on PORT 8000
2022-07-26T05:47:24.171Z [INFO   ]: Server running on PORT 8000
2022-07-26T05:55:22.300Z [INFO   ]: Server running on PORT 8000
2022-07-26T05:56:46.830Z [INFO   ]: Server running on PORT 8000
2022-07-26T05:56:57.648Z [INFO   ]: Server running on PORT 8000
2022-07-26T05:58:09.341Z [INFO   ]: Server running on PORT 8000
2022-07-26T05:58:59.678Z [INFO   ]: Server running on PORT 8000
2022-07-26T06:02:59.638Z [INFO   ]: Server running on PORT 8000
2022-07-26T06:03:43.014Z [INFO   ]: Server running on PORT 8000
2022-07-26T06:04:14.332Z [INFO   ]: Server running on PORT 8000
2022-07-26T06:05:08.188Z [INFO   ]: Server running on PORT 8000
2022-07-26T06:05:31.059Z [INFO   ]: Server running on PORT 8000
2022-07-26T06:07:17.926Z [INFO   ]: Server running on PORT 8000
2022-07-26T06:25:41.113Z [INFO   ]: Server running on PORT 8000
2022-07-26T06:31:40.012Z [INFO   ]: Server running on PORT 8000
2022-07-26T06:33:08.730Z [INFO   ]: Server running on PORT 8000
2022-07-26T06:33:12.803Z [INFO   ]: Server running on PORT 8000
2022-07-26T06:44:49.467Z [INFO   ]: Server running on PORT 8000
2022-07-26T06:45:27.036Z [INFO   ]: Server running on PORT 8000
2022-07-26T06:50:52.423Z [INFO   ]: Server running on PORT 8000
2022-07-26T06:52:40.977Z [INFO   ]: Server running on PORT 8000
2022-07-26T06:53:32.529Z [INFO   ]: Server running on PORT 8000
2022-07-26T06:53:55.014Z [INFO   ]: Server running on PORT 8000
2022-07-26T07:14:06.808Z [INFO   ]: Server running on PORT 8000
2022-07-26T07:35:22.316Z [INFO   ]: Server running on PORT 8000
2022-07-26T08:19:22.176Z [INFO   ]: Server running on PORT 8000
2022-07-26T08:29:50.780Z [INFO   ]: Server running on PORT 8000
2022-07-26T08:30:14.710Z [INFO   ]: Server running on PORT 8000
2022-07-26T08:30:59.146Z [INFO   ]: Server running on PORT 8000
2022-07-26T08:31:21.808Z [INFO   ]: Server running on PORT 8000
2022-07-26T08:55:37.391Z [INFO   ]: Server running on PORT 8000
2022-07-26T09:03:06.950Z [INFO   ]: Server running on PORT 8000
2022-07-26T09:03:42.541Z [INFO   ]: Server running on PORT 8000
2022-07-26T09:04:39.673Z [INFO   ]: Server running on PORT 8000
2022-07-26T09:07:30.438Z [INFO   ]: Server running on PORT 8000
2022-07-26T09:08:51.456Z [INFO   ]: Server running on PORT 8000
2022-07-26T09:09:25.920Z [INFO   ]: Server running on PORT 8000
2022-07-26T09:11:14.164Z [INFO   ]: Server running on PORT 8000
2022-07-26T09:11:52.013Z [INFO   ]: Server running on PORT 8000
2022-07-26T09:12:10.729Z [INFO   ]: Server running on PORT 8000
2022-07-26T10:35:38.533Z [INFO   ]: Server running on PORT 8000
2022-07-26T11:55:17.555Z [INFO   ]: Server running on PORT 8000
2022-07-26T11:57:35.205Z [INFO   ]: Server running on PORT 8000
2022-07-26T11:59:55.170Z [INFO   ]: Server running on PORT 8000
2022-07-26T12:00:36.713Z [INFO   ]: Server running on PORT 8000
2022-07-26T12:01:25.540Z [INFO   ]: Server running on PORT 8000
2022-07-26T12:29:35.057Z [INFO   ]: Server running on PORT 8000
2022-07-26T12:47:44.954Z [INFO   ]: Server running on PORT 8000
2022-07-26T12:48:26.936Z [INFO   ]: Server running on PORT 8000
2022-07-26T12:48:43.064Z [INFO   ]: Server running on PORT 8000
2022-07-26T12:48:56.845Z [INFO   ]: Server running on PORT 8000
2022-07-27T14:51:04.376Z [INFO   ]: Server running on PORT 8000
2022-07-27T14:51:08.884Z [INFO   ]: Server running on PORT 8000
2022-07-27T14:51:34.368Z [INFO   ]: Server running on PORT 8000
2022-07-27T14:55:02.737Z [INFO   ]: Server running on PORT 8000
2022-07-27T14:56:05.621Z [INFO   ]: Server running on PORT 8000
2022-07-27T14:56:25.500Z [INFO   ]: Server running on PORT 8000
2022-07-27T14:56:50.655Z [INFO   ]: Server running on PORT 8000
2022-07-27T14:57:37.703Z [INFO   ]: Server running on PORT 8000
2022-07-27T14:57:55.557Z [INFO   ]: Server running on PORT 8000
2022-07-27T14:57:58.559Z [INFO   ]: Server running on PORT 8000
2022-07-27T15:07:33.034Z [INFO   ]: Server running on PORT 8000
2022-07-27T15:12:38.000Z [INFO   ]: Server running on PORT 8000
2022-07-27T15:13:04.560Z [INFO   ]: Server running on PORT 8000
2022-07-27T15:13:26.293Z [INFO   ]: Server running on PORT 8000
2022-07-27T15:16:21.821Z [INFO   ]: Server running on PORT 8000
2022-07-27T15:17:07.772Z [INFO   ]: Server running on PORT 8000
2022-07-27T15:17:24.918Z [INFO   ]: Server running on PORT 8000
2022-07-27T15:17:34.150Z [INFO   ]: Server running on PORT 8000
2022-07-27T15:17:56.529Z [INFO   ]: Server running on PORT 8000
2022-07-27T15:18:31.617Z [INFO   ]: Server running on PORT 8000
2022-07-27T15:20:54.069Z [INFO   ]: Server running on PORT 8000
2022-07-27T15:20:58.493Z [INFO   ]: Server running on PORT 8000
2022-07-29T00:56:17.313Z [INFO   ]: Server running on PORT 8000
2022-07-29T03:55:15.336Z [INFO   ]: Server running on PORT 8000
2022-07-29T06:28:45.999Z [INFO   ]: Server running on PORT 8000
2022-07-29T06:30:06.601Z [INFO   ]: Server running on PORT 8000
2022-07-30T01:22:13.023Z [INFO   ]: Server running on PORT 8000
2022-07-30T12:42:36.949Z [INFO   ]: Server running on PORT 8000
2022-07-30T12:43:15.939Z [INFO   ]: Server running on PORT 8000
2022-07-30T13:11:20.534Z [INFO   ]: Server running on PORT 8000
2022-07-30T13:12:49.548Z [INFO   ]: Server running on PORT 8000
2022-07-30T13:14:22.513Z [INFO   ]: Server running on PORT 8000
2022-07-30T17:28:44.217Z [INFO   ]: Server running on PORT 8000
2022-07-30T17:30:05.207Z [INFO   ]: Server running on PORT 8000
2022-07-31T03:00:49.438Z [INFO   ]: Server running on PORT 8000
2022-07-31T03:25:44.169Z [INFO   ]: Server running on PORT 8000
2022-07-31T03:29:47.457Z [INFO   ]: Server running on PORT 8000
2022-07-31T03:38:22.265Z [INFO   ]: Server running on PORT 8080
2022-07-31T03:39:23.255Z [INFO   ]: Server running on PORT 8088
2022-07-31T03:39:49.509Z [INFO   ]: Server running on PORT 81
2022-07-31T03:40:02.639Z [INFO   ]: Server running on PORT 81
2022-07-31T03:40:25.173Z [INFO   ]: Server running on PORT 81
2022-07-31T03:44:56.798Z [INFO   ]: Server running on PORT 81
2022-07-31T03:46:38.435Z [INFO   ]: Server running on PORT 81
2022-07-31T03:47:10.563Z [INFO   ]: Server running on PORT 81
2022-07-31T03:48:30.453Z [INFO   ]: Server running on PORT 81
2022-07-31T03:48:55.977Z [INFO   ]: Server running on PORT 81
2022-07-31T03:49:23.833Z [INFO   ]: Server running on PORT 81
2022-07-31T03:49:45.056Z [INFO   ]: Server running on PORT 81
2022-07-31T03:49:54.150Z [INFO   ]: Server running on PORT 81
2022-07-31T03:56:33.326Z [INFO   ]: Server running on PORT 81
2022-07-31T03:56:47.321Z [INFO   ]: Server running on PORT 81
2022-07-31T04:07:12.954Z [INFO   ]: Server running on PORT 81
2022-07-31T04:16:09.517Z [INFO   ]: Server running on PORT 81
2022-07-31T09:09:23.728Z [INFO   ]: Server running on PORT 81
2022-07-31T09:10:00.529Z [INFO   ]: Server running on PORT 81
2022-07-31T14:43:05.629Z [INFO   ]: Server running on PORT 81
2022-08-01T00:54:19.627Z [INFO   ]: Server running on PORT 81
2022-08-01T09:45:40.198Z [INFO   ]: Server running on PORT 81
2022-08-01T09:46:37.439Z [INFO   ]: Server running on PORT 81
2022-08-01T11:14:09.410Z [INFO   ]: Server running on PORT 81
2022-08-01T11:17:35.475Z [INFO   ]: Server running on PORT 81
2022-08-01T13:27:43.174Z [INFO   ]: Server running on PORT 81
2022-08-01T13:29:16.956Z [INFO   ]: Server running on PORT 81
2022-08-01T14:17:05.832Z [INFO   ]: Server running on PORT 81
2022-08-01T14:25:02.589Z [INFO   ]: Server running on PORT 81
2022-08-01T15:28:14.961Z [INFO   ]: Server running on PORT 81
2022-08-01T15:28:48.102Z [INFO   ]: Server running on PORT 81
2022-08-01T15:32:13.999Z [INFO   ]: Server running on PORT 81
2022-08-02T00:50:25.980Z [INFO   ]: Server running on PORT 81
2022-08-02T04:28:27.531Z [INFO   ]: Server running on PORT 81
2022-08-02T04:32:56.365Z [INFO   ]: Server running on PORT 81
2022-08-02T04:32:59.965Z [INFO   ]: Server running on PORT 81
2022-08-02T04:33:20.733Z [INFO   ]: Server running on PORT 81
2022-08-02T04:33:36.604Z [INFO   ]: Server running on PORT 81
2022-08-02T04:42:13.688Z [INFO   ]: Server running on PORT 81
2022-08-02T04:44:58.042Z [INFO   ]: Server running on PORT 81
2022-08-02T04:50:06.421Z [INFO   ]: Server running on PORT 81
2022-08-02T04:50:08.125Z [INFO   ]: Server running on PORT 81
2022-08-02T05:31:21.293Z [INFO   ]: Server running on PORT 81
2022-08-02T05:31:36.492Z [INFO   ]: Server running on PORT 81
2022-08-02T05:32:17.908Z [INFO   ]: Server running on PORT 81
2022-08-02T05:32:56.552Z [INFO   ]: Server running on PORT 81
2022-08-02T05:33:08.785Z [INFO   ]: Server running on PORT 81
2022-08-02T05:35:46.472Z [INFO   ]: Server running on PORT 81
2022-08-02T05:36:45.645Z [INFO   ]: Server running on PORT 81
2022-08-02T05:37:27.026Z [INFO   ]: Server running on PORT 81
2022-08-02T05:37:46.097Z [INFO   ]: Server running on PORT 81
2022-08-02T05:40:24.610Z [INFO   ]: Server running on PORT 81
2022-08-02T05:41:31.737Z [INFO   ]: Server running on PORT 81
2022-08-02T05:42:18.980Z [INFO   ]: Server running on PORT 81
2022-08-02T05:42:21.849Z [INFO   ]: Server running on PORT 81
2022-08-02T05:43:01.798Z [INFO   ]: Server running on PORT 81
2022-08-02T08:22:10.928Z [INFO   ]: Server running on PORT 81
2022-08-02T08:22:41.616Z [INFO   ]: Server running on PORT 81
2022-08-02T08:25:53.665Z [INFO   ]: Server running on PORT 81
2022-08-02T08:43:22.816Z [INFO   ]: Server running on PORT 81
2022-08-02T08:45:05.446Z [INFO   ]: Server running on PORT 81
2022-08-02T08:46:52.471Z [INFO   ]: Server running on PORT 81
2022-08-02T08:55:47.531Z [INFO   ]: Server running on PORT 81
2022-08-02T08:56:18.680Z [INFO   ]: Server running on PORT 81
2022-08-02T08:56:49.491Z [INFO   ]: Server running on PORT 81
2022-08-02T08:57:20.265Z [INFO   ]: Server running on PORT 81
2022-08-02T10:01:36.025Z [INFO   ]: Server running on PORT 81
2022-08-02T10:48:13.247Z [INFO   ]: Server running on PORT 81
2022-08-02T11:04:58.630Z [INFO   ]: Server running on PORT 81
2022-08-02T12:43:25.080Z [INFO   ]: Server running on PORT 81
2022-08-02T12:44:49.115Z [INFO   ]: Server running on PORT 81
2022-08-02T12:45:45.857Z [INFO   ]: Server running on PORT 81
2022-08-02T12:46:43.990Z [INFO   ]: Server running on PORT 81
2022-08-02T12:49:11.455Z [INFO   ]: Server running on PORT 81
2022-08-02T12:56:16.900Z [INFO   ]: Server running on PORT 81
2022-08-02T12:56:48.093Z [INFO   ]: Server running on PORT 81
2022-08-02T13:10:15.088Z [INFO   ]: Server running on PORT 81
2022-08-02T13:11:26.924Z [INFO   ]: Server running on PORT 81
2022-08-02T13:14:34.830Z [INFO   ]: Server running on PORT 81
2022-08-02T13:14:37.384Z [INFO   ]: Server running on PORT 81
2022-08-02T13:21:01.646Z [INFO   ]: Server running on PORT 81
2022-08-02T13:38:24.897Z [INFO   ]: Server running on PORT 81
2022-08-02T14:02:15.925Z [INFO   ]: Server running on PORT 81
2022-08-02T14:04:11.748Z [INFO   ]: Server running on PORT 81
2022-08-02T14:06:26.274Z [INFO   ]: Server running on PORT 81
2022-08-02T14:06:39.332Z [INFO   ]: Server running on PORT 81
2022-08-02T14:07:28.978Z [INFO   ]: Server running on PORT 81
2022-08-02T14:08:04.625Z [INFO   ]: Server running on PORT 81
2022-08-02T14:09:59.646Z [INFO   ]: Server running on PORT 81
2022-08-02T14:10:34.080Z [INFO   ]: Server running on PORT 81
2022-08-02T14:10:39.114Z [INFO   ]: Server running on PORT 81
2022-08-02T14:13:42.334Z [INFO   ]: Server running on PORT 81
2022-08-02T14:14:08.457Z [INFO   ]: Server running on PORT 81
2022-08-02T14:14:30.974Z [INFO   ]: Server running on PORT 81
2022-08-02T14:25:12.371Z [INFO   ]: Server running on PORT 81
2022-08-02T14:26:19.620Z [INFO   ]: Server running on PORT 81
2022-08-02T17:41:19.804Z [INFO   ]: Server running on PORT 81
2022-08-02T17:44:20.711Z [INFO   ]: Server running on PORT 81
2022-08-02T17:44:38.854Z [INFO   ]: Server running on PORT 81
2022-08-02T17:45:25.259Z [INFO   ]: Server running on PORT 81
2022-08-02T17:46:17.448Z [INFO   ]: Server running on PORT 81
2022-08-02T17:46:20.792Z [INFO   ]: Server running on PORT 81
2022-08-02T17:47:16.905Z [INFO   ]: Server running on PORT 81
2022-08-02T17:47:40.212Z [INFO   ]: Server running on PORT 81
2022-08-03T06:24:21.627Z [INFO   ]: Server running on PORT 81
2022-08-03T06:25:24.460Z [INFO   ]: Server running on PORT 81
2022-08-03T07:48:58.007Z [INFO   ]: Server running on PORT 81
2022-08-03T07:50:04.352Z [INFO   ]: Server running on PORT 81
2022-08-03T07:50:46.489Z [INFO   ]: Server running on PORT 81
2022-08-03T07:51:33.327Z [INFO   ]: Server running on PORT 81
2022-08-03T08:06:35.930Z [INFO   ]: Server running on PORT 81
2022-08-03T08:06:50.084Z [INFO   ]: Server running on PORT 81
2022-08-03T08:07:59.986Z [INFO   ]: Server running on PORT 81
2022-08-03T08:10:25.075Z [INFO   ]: Server running on PORT 81
2022-08-03T08:14:23.179Z [INFO   ]: Server running on PORT 81
2022-08-03T08:14:37.341Z [INFO   ]: Server running on PORT 81
2022-08-03T09:16:54.696Z [INFO   ]: Server running on PORT 81
2022-08-03T09:17:13.758Z [INFO   ]: Server running on PORT 81
2022-08-03T09:17:46.379Z [INFO   ]: Server running on PORT 81
2022-08-03T09:21:01.723Z [INFO   ]: Server running on PORT 81
2022-08-03T09:21:40.831Z [INFO   ]: Server running on PORT 81
2022-08-03T09:22:23.304Z [INFO   ]: Server running on PORT 81
2022-08-03T09:23:00.122Z [INFO   ]: Server running on PORT 81
2022-08-03T09:23:05.647Z [INFO   ]: Server running on PORT 81
2022-08-03T10:06:56.652Z [INFO   ]: Server running on PORT 81
2022-08-03T13:21:00.853Z [INFO   ]: Server running on PORT 81
2022-08-03T13:21:22.704Z [INFO   ]: Server running on PORT 81
2022-08-03T13:28:11.537Z [INFO   ]: Server running on PORT 81
2022-08-03T13:32:38.304Z [INFO   ]: Server running on PORT 81
2022-08-03T13:35:23.974Z [INFO   ]: Server running on PORT 81
2022-08-03T13:37:01.652Z [INFO   ]: Server running on PORT 81
2022-08-03T13:37:39.598Z [INFO   ]: Server running on PORT 81
2022-08-03T16:25:18.124Z [INFO   ]: Server running on PORT 81
2022-08-03T16:26:10.710Z [INFO   ]: Server running on PORT 81
2022-08-03T16:26:12.630Z [INFO   ]: Server running on PORT 81
2022-08-03T16:27:33.051Z [INFO   ]: Server running on PORT 81
2022-08-03T16:28:00.508Z [INFO   ]: Server running on PORT 81
2022-08-03T16:28:08.120Z [INFO   ]: Server running on PORT 81
2022-08-03T16:51:06.201Z [INFO   ]: Server running on PORT 81
2022-08-04T00:54:58.538Z [INFO   ]: Server running on PORT 81
2022-08-04T02:44:27.852Z [INFO   ]: Server running on PORT 81
2022-08-04T02:47:08.962Z [INFO   ]: Server running on PORT 81
2022-08-04T02:47:26.203Z [INFO   ]: Server running on PORT 81
2022-08-04T02:48:08.012Z [INFO   ]: Server running on PORT 81
2022-08-04T02:49:58.298Z [INFO   ]: Server running on PORT 81
2022-08-04T02:50:15.026Z [INFO   ]: Server running on PORT 81
2022-08-04T02:50:42.994Z [INFO   ]: Server running on PORT 81
2022-08-04T02:51:11.140Z [INFO   ]: Server running on PORT 81
2022-08-04T02:51:23.633Z [INFO   ]: Server running on PORT 81
2022-08-04T02:55:45.333Z [INFO   ]: Server running on PORT 81
2022-08-04T02:57:14.007Z [INFO   ]: Server running on PORT 81
2022-08-04T02:57:45.458Z [INFO   ]: Server running on PORT 81
2022-08-04T02:59:20.286Z [INFO   ]: Server running on PORT 81
2022-08-04T03:02:19.783Z [INFO   ]: Server running on PORT 81
2022-08-04T03:02:45.520Z [INFO   ]: Server running on PORT 81
2022-08-04T03:03:46.844Z [INFO   ]: Server running on PORT 81
2022-08-04T03:03:56.312Z [INFO   ]: Server running on PORT 81
2022-08-04T03:04:57.701Z [INFO   ]: Server running on PORT 81
2022-08-04T03:05:30.811Z [INFO   ]: Server running on PORT 81
2022-08-04T03:05:57.287Z [INFO   ]: Server running on PORT 81
2022-08-04T03:06:22.973Z [INFO   ]: Server running on PORT 81
2022-08-04T05:49:48.605Z [INFO   ]: Server running on PORT 81
2022-08-04T06:25:44.630Z [INFO   ]: Server running on PORT 81
2022-08-04T06:26:01.657Z [INFO   ]: Server running on PORT 81
2022-08-04T07:47:26.670Z [INFO   ]: Server running on PORT 81
2022-08-04T07:47:35.990Z [INFO   ]: Server running on PORT 81
2022-08-04T07:48:59.305Z [INFO   ]: Server running on PORT 81
2022-08-04T07:49:03.763Z [INFO   ]: Server running on PORT 81
2022-08-04T08:05:01.922Z [INFO   ]: Server running on PORT 81
2022-08-04T08:05:24.678Z [INFO   ]: Server running on PORT 81
2022-08-04T08:17:42.082Z [INFO   ]: Server running on PORT 81
2022-08-04T08:30:05.392Z [INFO   ]: Server running on PORT 81
2022-08-04T08:31:06.591Z [INFO   ]: Server running on PORT 81
2022-08-04T10:08:44.909Z [INFO   ]: Server running on PORT 81
2022-08-04T10:08:46.573Z [INFO   ]: Server running on PORT 81
2022-08-04T10:12:08.283Z [INFO   ]: Server running on PORT 81
2022-08-04T10:50:05.526Z [INFO   ]: Server running on PORT 81
2022-08-04T10:50:49.153Z [INFO   ]: Server running on PORT 81
2022-08-04T11:13:24.398Z [INFO   ]: Server running on PORT 81
2022-08-04T11:15:35.783Z [INFO   ]: Server running on PORT 81
2022-08-04T11:23:24.532Z [INFO   ]: Server running on PORT 81
2022-08-04T11:24:24.390Z [INFO   ]: Server running on PORT 81
2022-08-04T11:24:26.018Z [INFO   ]: Server running on PORT 81
2022-08-04T11:26:37.901Z [INFO   ]: Server running on PORT 81
2022-08-04T12:21:27.487Z [INFO   ]: Server running on PORT 81
2022-08-04T12:21:42.796Z [INFO   ]: Server running on PORT 81
2022-08-04T12:21:45.197Z [INFO   ]: Server running on PORT 81
2022-08-04T16:01:28.547Z [INFO   ]: Server running on PORT 81
2022-08-04T16:02:30.727Z [INFO   ]: Server running on PORT 81
2022-08-04T16:03:09.703Z [INFO   ]: Server running on PORT 81
2022-08-05T00:59:21.591Z [INFO   ]: Server running on PORT 81
2022-08-05T06:50:23.676Z [INFO   ]: Server running on PORT 81
2022-08-05T06:50:26.659Z [INFO   ]: Server running on PORT 81
2022-08-05T06:52:59.387Z [INFO   ]: Server running on PORT 81
2022-08-05T06:53:03.990Z [INFO   ]: Server running on PORT 81
2022-08-05T07:26:40.825Z [INFO   ]: Server running on PORT 81
2022-08-05T07:29:30.016Z [INFO   ]: Server running on PORT 81
2022-08-05T07:29:46.442Z [INFO   ]: Server running on PORT 81
2022-08-05T17:13:56.449Z [INFO   ]: Server running on PORT 81
2022-08-06T09:17:15.187Z [INFO   ]: Server running on PORT 81
2022-08-06T09:21:53.629Z [INFO   ]: Server running on PORT 81
2022-08-06T09:24:20.229Z [INFO   ]: Server running on PORT 81
2022-08-06T10:41:29.338Z [INFO   ]: Server running on PORT 81
2022-08-06T10:42:04.162Z [INFO   ]: Server running on PORT 81
2022-08-06T10:43:20.710Z [INFO   ]: Server running on PORT 81
2022-08-06T10:44:13.142Z [INFO   ]: Server running on PORT 81
2022-08-06T10:44:26.236Z [INFO   ]: Server running on PORT 81
2022-08-06T11:31:13.926Z [INFO   ]: Server running on PORT 81
2022-08-06T11:37:49.565Z [INFO   ]: Server running on PORT 81
2022-08-06T11:54:47.805Z [INFO   ]: Server running on PORT 81
2022-08-06T11:55:11.962Z [INFO   ]: Server running on PORT 81
2022-08-06T12:05:55.275Z [INFO   ]: Server running on PORT 81
2022-08-07T04:01:31.013Z [INFO   ]: Server running on PORT 81
2022-08-07T04:05:01.274Z [INFO   ]: Server running on PORT 81
2022-08-07T04:06:59.793Z [INFO   ]: Server running on PORT 81
2022-08-07T04:07:17.947Z [INFO   ]: Server running on PORT 81
2022-08-07T04:13:07.850Z [INFO   ]: Server running on PORT 81
2022-08-07T04:14:12.741Z [INFO   ]: Server running on PORT 81
2022-08-07T05:00:23.001Z [INFO   ]: Server running on PORT 81
2022-08-07T05:00:36.256Z [INFO   ]: Server running on PORT 81
2022-08-07T05:13:28.103Z [INFO   ]: Server running on PORT 81
2022-08-07T05:25:04.226Z [INFO   ]: Server running on PORT 81
2022-08-07T05:25:30.019Z [INFO   ]: Server running on PORT 81
2022-08-07T05:25:43.434Z [INFO   ]: Server running on PORT 81
2022-08-07T05:26:08.677Z [INFO   ]: Server running on PORT 81
2022-08-07T07:02:30.913Z [INFO   ]: Server running on PORT 81
2022-08-07T07:02:36.794Z [INFO   ]: Server running on PORT 81
2022-08-07T07:03:46.837Z [INFO   ]: Server running on PORT 81
2022-08-07T07:03:57.586Z [INFO   ]: Server running on PORT 81
2022-08-07T07:04:35.958Z [INFO   ]: Server running on PORT 81
2022-08-07T07:04:53.063Z [INFO   ]: Server running on PORT 81
2022-08-07T07:10:02.130Z [INFO   ]: Server running on PORT 81
2022-08-07T07:10:30.710Z [INFO   ]: Server running on PORT 81
2022-08-07T07:10:54.257Z [INFO   ]: Server running on PORT 81
2022-08-07T07:10:56.099Z [INFO   ]: Server running on PORT 81
2022-08-07T07:22:51.463Z [INFO   ]: Server running on PORT 81
2022-08-07T07:24:18.643Z [INFO   ]: Server running on PORT 81
2022-08-07T07:24:43.670Z [INFO   ]: Server running on PORT 81
2022-08-07T08:02:53.343Z [INFO   ]: Server running on PORT 81
2022-08-07T08:26:13.722Z [INFO   ]: Server running on PORT 81
2022-08-07T08:54:21.404Z [INFO   ]: Server running on PORT 81
2022-08-07T10:33:38.783Z [INFO   ]: Server running on PORT 81
2022-08-07T10:43:03.747Z [INFO   ]: Server running on PORT 81
2022-08-07T10:45:06.359Z [INFO   ]: Server running on PORT 81
2022-08-07T10:45:45.724Z [INFO   ]: Server running on PORT 81
2022-08-07T10:45:57.792Z [INFO   ]: Server running on PORT 81
2022-08-07T10:47:13.281Z [INFO   ]: Server running on PORT 81
2022-08-07T10:47:27.961Z [INFO   ]: Server running on PORT 81
2022-08-07T10:47:41.964Z [INFO   ]: Server running on PORT 81
2022-08-07T10:48:37.710Z [INFO   ]: Server running on PORT 81
2022-08-07T10:48:39.341Z [INFO   ]: Server running on PORT 81
2022-08-07T10:49:31.711Z [INFO   ]: Server running on PORT 81
2022-08-07T10:49:59.939Z [INFO   ]: Server running on PORT 81
2022-08-07T11:18:47.066Z [INFO   ]: Server running on PORT 81
2022-08-07T12:45:41.949Z [INFO   ]: Server running on PORT 81
2022-08-07T12:46:13.162Z [INFO   ]: Server running on PORT 81
2022-08-07T12:47:00.148Z [INFO   ]: Server running on PORT 81
2022-08-07T12:49:13.159Z [INFO   ]: Server running on PORT 81
2022-08-07T12:49:50.505Z [INFO   ]: Server running on PORT 81
2022-08-07T12:50:15.002Z [INFO   ]: Server running on PORT 81
2022-08-07T12:58:29.750Z [INFO   ]: Server running on PORT 81
2022-08-07T13:00:49.367Z [INFO   ]: Server running on PORT 81
2022-08-07T13:05:43.793Z [INFO   ]: Server running on PORT 81
2022-08-07T13:06:04.908Z [INFO   ]: Server running on PORT 81
2022-08-07T13:08:49.883Z [INFO   ]: Server running on PORT 81
2022-08-07T13:08:51.325Z [INFO   ]: Server running on PORT 81
2022-08-07T13:11:10.559Z [INFO   ]: Server running on PORT 81
2022-08-07T13:12:24.692Z [INFO   ]: Server running on PORT 81
2022-08-08T03:54:22.941Z [INFO   ]: Server running on PORT 81
2022-08-08T05:28:12.647Z [INFO   ]: Server running on PORT 81
2022-08-08T05:29:19.685Z [INFO   ]: Server running on PORT 81
2022-08-08T05:30:39.372Z [INFO   ]: Server running on PORT 81
2022-08-08T08:27:36.677Z [INFO   ]: Server running on PORT 81
2022-08-08T08:28:32.795Z [INFO   ]: Server running on PORT 81
2022-08-08T08:29:36.319Z [INFO   ]: Server running on PORT 81
2022-08-08T11:15:07.374Z [INFO   ]: Server running on PORT 81
2022-08-08T13:11:33.394Z [INFO   ]: Server running on PORT 81
2022-08-08T13:15:12.972Z [INFO   ]: Server running on PORT 81
2022-08-08T13:29:53.125Z [INFO   ]: Server running on PORT 81
2022-08-08T13:31:42.498Z [INFO   ]: Server running on PORT 81
2022-08-08T13:33:10.649Z [INFO   ]: Server running on PORT 81
2022-08-08T13:33:48.032Z [INFO   ]: Server running on PORT 81
2022-08-09T00:51:01.155Z [INFO   ]: Server running on PORT 81
2022-08-09T01:17:47.894Z [INFO   ]: Server running on PORT 81
2022-08-09T01:18:45.052Z [INFO   ]: Server running on PORT 81
2022-08-09T01:20:47.915Z [INFO   ]: Server running on PORT 81
2022-08-09T02:20:31.175Z [INFO   ]: Server running on PORT 81
2022-08-09T02:24:44.703Z [INFO   ]: Server running on PORT 81
2022-08-09T02:37:43.985Z [INFO   ]: Server running on PORT 81
2022-08-09T03:20:16.022Z [INFO   ]: Server running on PORT 81
2022-11-01T01:57:05.889Z [INFO   ]: Server running on PORT 81
2022-11-01T02:01:03.975Z [INFO   ]: Server running on PORT 81
2022-11-01T02:07:36.889Z [INFO   ]: Server running on PORT 81
